{"/Users/yayoi/src/github.com/yayoiyamato/practice/javascript/testcode/jest/mylib.js": {"path":"/Users/yayoi/src/github.com/yayoiyamato/practice/javascript/testcode/jest/mylib.js","statementMap":{"0":{"start":{"line":2,"column":2},"end":{"line":2,"column":15}}},"fnMap":{"0":{"name":"add","decl":{"start":{"line":1,"column":16},"end":{"line":1,"column":19}},"loc":{"start":{"line":1,"column":26},"end":{"line":3,"column":1}},"line":1}},"branchMap":{},"s":{"0":4},"f":{"0":4},"b":{},"_coverageSchema":"1a1c01bbd47fc00a2c39e90264f33305004495a9","hash":"589086b38efb40fe3e6de0b78beaaf50e76c9a8f"}
}
